2025-06-12 16:07:51 [INFO] com.lalit.kumar.CrudApplicationMasterApplication [restartedMain] Starting CrudApplicationMasterApplication using Java 24 with PID 18604 (C:\Users\Pc\Desktop\ProjectWithLalit\LalitProjectCollaboration\target\classes started by Pc in C:\Users\Pc\Desktop\ProjectWithLalit\LalitProjectCollaboration)
2025-06-12 16:07:51 [DEBUG] com.lalit.kumar.CrudApplicationMasterApplication [restartedMain] Running with Spring Boot v3.5.0, Spring v6.2.7
2025-06-12 16:07:51 [INFO] com.lalit.kumar.CrudApplicationMasterApplication [restartedMain] No active profile set, falling back to 1 default profile: "default"
2025-06-12 16:07:51 [INFO] org.springframework.boot.devtools.env.DevToolsPropertyDefaultsPostProcessor [restartedMain] Devtools property defaults active! Set 'spring.devtools.add-properties' to 'false' to disable
2025-06-12 16:07:51 [INFO] org.springframework.boot.devtools.env.DevToolsPropertyDefaultsPostProcessor [restartedMain] For additional web related logging consider setting the 'logging.level.web' property to 'DEBUG'
2025-06-12 16:07:55 [INFO] org.springframework.data.repository.config.RepositoryConfigurationDelegate [restartedMain] Bootstrapping Spring Data JPA repositories in DEFAULT mode.
2025-06-12 16:07:55 [INFO] org.springframework.data.repository.config.RepositoryConfigurationDelegate [restartedMain] Finished Spring Data repository scanning in 148 ms. Found 1 JPA repository interface.
2025-06-12 16:07:57 [INFO] org.springframework.boot.web.embedded.tomcat.TomcatWebServer [restartedMain] Tomcat initialized with port 8083 (http)
2025-06-12 16:07:57 [INFO] org.apache.catalina.core.StandardService [restartedMain] Starting service [Tomcat]
2025-06-12 16:07:57 [INFO] org.apache.catalina.core.StandardEngine [restartedMain] Starting Servlet engine: [Apache Tomcat/10.1.41]
2025-06-12 16:07:57 [INFO] org.apache.catalina.core.ContainerBase.[Tomcat].[localhost].[/] [restartedMain] Initializing Spring embedded WebApplicationContext
2025-06-12 16:07:57 [INFO] org.springframework.boot.web.servlet.context.ServletWebServerApplicationContext [restartedMain] Root WebApplicationContext: initialization completed in 6133 ms
2025-06-12 16:07:58 [INFO] org.hibernate.jpa.internal.util.LogHelper [restartedMain] HHH000204: Processing PersistenceUnitInfo [name: default]
2025-06-12 16:07:58 [INFO] org.hibernate.Version [restartedMain] HHH000412: Hibernate ORM core version 6.6.15.Final
2025-06-12 16:07:59 [INFO] org.hibernate.cache.internal.RegionFactoryInitiator [restartedMain] HHH000026: Second-level cache disabled
2025-06-12 16:08:00 [INFO] org.springframework.orm.jpa.persistenceunit.SpringPersistenceUnitInfo [restartedMain] No LoadTimeWeaver setup: ignoring JPA class transformer
2025-06-12 16:08:00 [INFO] com.zaxxer.hikari.HikariDataSource [restartedMain] HikariPool-1 - Starting...
2025-06-12 16:08:01 [INFO] com.zaxxer.hikari.pool.HikariPool [restartedMain] HikariPool-1 - Added connection com.mysql.cj.jdbc.ConnectionImpl@1d4aa644
2025-06-12 16:08:01 [INFO] com.zaxxer.hikari.HikariDataSource [restartedMain] HikariPool-1 - Start completed.
2025-06-12 16:08:01 [WARN] org.hibernate.orm.deprecation [restartedMain] HHH90000025: MySQL8Dialect does not need to be specified explicitly using 'hibernate.dialect' (remove the property setting and it will be selected by default)
2025-06-12 16:08:01 [WARN] org.hibernate.orm.deprecation [restartedMain] HHH90000026: MySQL8Dialect has been deprecated; use org.hibernate.dialect.MySQLDialect instead
2025-06-12 16:08:01 [INFO] org.hibernate.orm.connections.pooling [restartedMain] HHH10001005: Database info:
	Database JDBC URL [Connecting through datasource 'HikariDataSource (HikariPool-1)']
	Database driver: undefined/unknown
	Database version: 8.0
	Autocommit mode: undefined/unknown
	Isolation level: undefined/unknown
	Minimum pool size: undefined/unknown
	Maximum pool size: undefined/unknown
2025-06-12 16:08:03 [INFO] org.hibernate.engine.transaction.jta.platform.internal.JtaPlatformInitiator [restartedMain] HHH000489: No JTA platform available (set 'hibernate.transaction.jta.platform' to enable JTA platform integration)
2025-06-12 16:08:03 [INFO] org.springframework.orm.jpa.LocalContainerEntityManagerFactoryBean [restartedMain] Initialized JPA EntityManagerFactory for persistence unit 'default'
2025-06-12 16:08:05 [WARN] org.springframework.boot.autoconfigure.orm.jpa.JpaBaseConfiguration$JpaWebConfiguration [restartedMain] spring.jpa.open-in-view is enabled by default. Therefore, database queries may be performed during view rendering. Explicitly configure spring.jpa.open-in-view to disable this warning
2025-06-12 16:08:06 [INFO] org.springframework.boot.devtools.autoconfigure.OptionalLiveReloadServer [restartedMain] LiveReload server is running on port 35729
2025-06-12 16:08:06 [INFO] org.springframework.boot.actuate.endpoint.web.EndpointLinksResolver [restartedMain] Exposing 14 endpoints beneath base path '/custom'
2025-06-12 16:08:07 [INFO] org.springframework.boot.web.embedded.tomcat.TomcatWebServer [restartedMain] Tomcat started on port 8083 (http) with context path '/'
2025-06-12 16:08:07 [INFO] com.lalit.kumar.CrudApplicationMasterApplication [restartedMain] Started CrudApplicationMasterApplication in 17.292 seconds (process running for 18.664)
2025-06-12 16:08:17 [INFO] org.apache.catalina.core.ContainerBase.[Tomcat].[localhost].[/] [http-nio-8083-exec-1] Initializing Spring DispatcherServlet 'dispatcherServlet'
2025-06-12 16:08:17 [INFO] org.springframework.web.servlet.DispatcherServlet [http-nio-8083-exec-1] Initializing Servlet 'dispatcherServlet'
2025-06-12 16:08:17 [INFO] org.springframework.web.servlet.DispatcherServlet [http-nio-8083-exec-1] Completed initialization in 1 ms
2025-06-12 16:08:17 [INFO] com.lalit.kumar.controller.StudentController [http-nio-8083-exec-1] Received request to create student: Amarjeet
2025-06-12 16:08:17 [INFO] com.lalit.kumar.service.impl.StudentServiceImpl [http-nio-8083-exec-1] Attempting to save student: Student(id=null, name=Amarjeet, gender=am, age=19, city=Bangalore, email=amarjee3t@example.com, number=9876543219, company=Perfexion, salary=50000.0, country=India)
2025-06-12 16:08:17 [DEBUG] org.hibernate.SQL [http-nio-8083-exec-1] select s1_0.id from students s1_0 where s1_0.email=? limit ?
2025-06-12 16:08:18 [DEBUG] org.hibernate.SQL [http-nio-8083-exec-1] select s1_0.id from students s1_0 where s1_0.number=? limit ?
2025-06-12 16:08:18 [WARN] com.lalit.kumar.service.impl.StudentServiceImpl [http-nio-8083-exec-1] Duplicate phone number found: 9876543219
2025-06-12 16:08:18 [WARN] org.springframework.web.servlet.mvc.method.annotation.ExceptionHandlerExceptionResolver [http-nio-8083-exec-1] Resolved [com.lalit.kumar.exception.DuplicateFieldException: Phone number already exists: 9876543219]
2025-06-12 16:08:48 [INFO] com.lalit.kumar.controller.StudentController [http-nio-8083-exec-3] Received request to create student: Amarjeet
2025-06-12 16:08:48 [INFO] com.lalit.kumar.service.impl.StudentServiceImpl [http-nio-8083-exec-3] Attempting to save student: Student(id=null, name=Amarjeet, gender=am, age=19, city=Bangalore, email=amarjee3t@example.com, number=9876541219, company=Perfexion, salary=50000.0, country=India)
2025-06-12 16:08:48 [DEBUG] org.hibernate.SQL [http-nio-8083-exec-3] select s1_0.id from students s1_0 where s1_0.email=? limit ?
2025-06-12 16:08:48 [DEBUG] org.hibernate.SQL [http-nio-8083-exec-3] select s1_0.id from students s1_0 where s1_0.number=? limit ?
2025-06-12 16:08:48 [DEBUG] org.hibernate.SQL [http-nio-8083-exec-3] insert into students (age,city,company,country,email,gender,name,number,salary) values (?,?,?,?,?,?,?,?,?)
2025-06-12 16:08:48 [INFO] com.lalit.kumar.service.impl.StudentServiceImpl [http-nio-8083-exec-3] Student saved successfully with ID: 3
2025-06-12 16:08:48 [INFO] com.lalit.kumar.controller.StudentController [http-nio-8083-exec-3] Student created successfully with ID: 3
2025-06-12 16:09:47 [WARN] org.springframework.web.servlet.mvc.method.annotation.ExceptionHandlerExceptionResolver [http-nio-8083-exec-4] Resolved [org.springframework.web.method.annotation.MethodArgumentTypeMismatchException: Method parameter 'id': Failed to convert value of type 'java.lang.String' to required type 'java.lang.Long'; For input string: "getData"]
2025-06-12 16:10:03 [WARN] org.springframework.web.servlet.mvc.method.annotation.ExceptionHandlerExceptionResolver [http-nio-8083-exec-6] Resolved [org.springframework.web.method.annotation.MethodArgumentTypeMismatchException: Method parameter 'id': Failed to convert value of type 'java.lang.String' to required type 'java.lang.Long'; For input string: "getData"]
2025-06-12 16:12:15 [INFO] com.lalit.kumar.controller.StudentController [http-nio-8083-exec-8] Received request to fetch all students
2025-06-12 16:12:15 [INFO] com.lalit.kumar.service.impl.StudentServiceImpl [http-nio-8083-exec-8] Fetching all students from database
2025-06-12 16:12:16 [DEBUG] org.hibernate.SQL [http-nio-8083-exec-8] select s1_0.id,s1_0.age,s1_0.city,s1_0.company,s1_0.country,s1_0.email,s1_0.gender,s1_0.name,s1_0.number,s1_0.salary from students s1_0
2025-06-12 16:12:16 [INFO] com.lalit.kumar.service.impl.StudentServiceImpl [http-nio-8083-exec-8] Total students retrieved: 3
2025-06-12 16:12:16 [INFO] com.lalit.kumar.controller.StudentController [http-nio-8083-exec-8] Returning 3 students
